c:\users\leroy jenkins\source\repos\quake2-full\debug\quake2.bsc
c:\users\leroy jenkins\source\repos\quake2-full\debug\vc143.pdb
c:\users\leroy jenkins\source\repos\quake2-full\debug\vc143.idb
c:\users\leroy jenkins\source\repos\quake2-full\debug\cd_win.sbr
c:\users\leroy jenkins\source\repos\quake2-full\debug\cl_cin.sbr
c:\users\leroy jenkins\source\repos\quake2-full\debug\cl_ents.sbr
c:\users\leroy jenkins\source\repos\quake2-full\debug\cl_fx.sbr
c:\users\leroy jenkins\source\repos\quake2-full\debug\cl_input.sbr
c:\users\leroy jenkins\source\repos\quake2-full\debug\cl_inv.sbr
c:\users\leroy jenkins\source\repos\quake2-full\debug\cl_main.sbr
c:\users\leroy jenkins\source\repos\quake2-full\debug\cl_newfx.sbr
c:\users\leroy jenkins\source\repos\quake2-full\debug\cl_parse.sbr
c:\users\leroy jenkins\source\repos\quake2-full\debug\cl_pred.sbr
c:\users\leroy jenkins\source\repos\quake2-full\debug\cl_scrn.sbr
c:\users\leroy jenkins\source\repos\quake2-full\debug\cl_tent.sbr
c:\users\leroy jenkins\source\repos\quake2-full\debug\cl_view.sbr
c:\users\leroy jenkins\source\repos\quake2-full\debug\cmd.sbr
c:\users\leroy jenkins\source\repos\quake2-full\debug\cmodel.sbr
c:\users\leroy jenkins\source\repos\quake2-full\debug\common.sbr
c:\users\leroy jenkins\source\repos\quake2-full\debug\conproc.sbr
c:\users\leroy jenkins\source\repos\quake2-full\debug\console.sbr
c:\users\leroy jenkins\source\repos\quake2-full\debug\crc.sbr
c:\users\leroy jenkins\source\repos\quake2-full\debug\cvar.sbr
c:\users\leroy jenkins\source\repos\quake2-full\debug\cvar.obj
c:\users\leroy jenkins\source\repos\quake2-full\debug\crc.obj
c:\users\leroy jenkins\source\repos\quake2-full\debug\console.obj
c:\users\leroy jenkins\source\repos\quake2-full\debug\conproc.obj
c:\users\leroy jenkins\source\repos\quake2-full\debug\common.obj
c:\users\leroy jenkins\source\repos\quake2-full\debug\cmodel.obj
c:\users\leroy jenkins\source\repos\quake2-full\debug\cmd.obj
c:\users\leroy jenkins\source\repos\quake2-full\debug\cl_view.obj
c:\users\leroy jenkins\source\repos\quake2-full\debug\cl_tent.obj
c:\users\leroy jenkins\source\repos\quake2-full\debug\cl_scrn.obj
c:\users\leroy jenkins\source\repos\quake2-full\debug\cl_pred.obj
c:\users\leroy jenkins\source\repos\quake2-full\debug\cl_parse.obj
c:\users\leroy jenkins\source\repos\quake2-full\debug\cl_newfx.obj
c:\users\leroy jenkins\source\repos\quake2-full\debug\cl_main.obj
c:\users\leroy jenkins\source\repos\quake2-full\debug\cl_inv.obj
c:\users\leroy jenkins\source\repos\quake2-full\debug\cl_input.obj
c:\users\leroy jenkins\source\repos\quake2-full\debug\cl_fx.obj
c:\users\leroy jenkins\source\repos\quake2-full\debug\cl_ents.obj
c:\users\leroy jenkins\source\repos\quake2-full\debug\cl_cin.obj
c:\users\leroy jenkins\source\repos\quake2-full\debug\cd_win.obj
c:\users\leroy jenkins\source\repos\quake2-full\debug\files.sbr
c:\users\leroy jenkins\source\repos\quake2-full\debug\in_win.sbr
c:\users\leroy jenkins\source\repos\quake2-full\debug\keys.sbr
c:\users\leroy jenkins\source\repos\quake2-full\debug\m_flash.sbr
c:\users\leroy jenkins\source\repos\quake2-full\debug\md4.sbr
c:\users\leroy jenkins\source\repos\quake2-full\debug\menu.sbr
c:\users\leroy jenkins\source\repos\quake2-full\debug\net_chan.sbr
c:\users\leroy jenkins\source\repos\quake2-full\debug\net_wins.sbr
c:\users\leroy jenkins\source\repos\quake2-full\debug\pmove.sbr
c:\users\leroy jenkins\source\repos\quake2-full\debug\q_shared.sbr
c:\users\leroy jenkins\source\repos\quake2-full\debug\q_shwin.sbr
c:\users\leroy jenkins\source\repos\quake2-full\debug\qmenu.sbr
c:\users\leroy jenkins\source\repos\quake2-full\debug\snd_dma.sbr
c:\users\leroy jenkins\source\repos\quake2-full\debug\snd_mem.sbr
c:\users\leroy jenkins\source\repos\quake2-full\debug\snd_mix.sbr
c:\users\leroy jenkins\source\repos\quake2-full\debug\snd_win.sbr
c:\users\leroy jenkins\source\repos\quake2-full\debug\sv_ccmds.sbr
c:\users\leroy jenkins\source\repos\quake2-full\debug\sv_ents.sbr
c:\users\leroy jenkins\source\repos\quake2-full\debug\sv_game.sbr
c:\users\leroy jenkins\source\repos\quake2-full\debug\sv_init.sbr
c:\users\leroy jenkins\source\repos\quake2-full\debug\sv_init.obj
c:\users\leroy jenkins\source\repos\quake2-full\debug\sv_game.obj
c:\users\leroy jenkins\source\repos\quake2-full\debug\sv_ents.obj
c:\users\leroy jenkins\source\repos\quake2-full\debug\sv_ccmds.obj
c:\users\leroy jenkins\source\repos\quake2-full\debug\snd_win.obj
c:\users\leroy jenkins\source\repos\quake2-full\debug\snd_mix.obj
c:\users\leroy jenkins\source\repos\quake2-full\debug\snd_mem.obj
c:\users\leroy jenkins\source\repos\quake2-full\debug\snd_dma.obj
c:\users\leroy jenkins\source\repos\quake2-full\debug\qmenu.obj
c:\users\leroy jenkins\source\repos\quake2-full\debug\q_shwin.obj
c:\users\leroy jenkins\source\repos\quake2-full\debug\q_shared.obj
c:\users\leroy jenkins\source\repos\quake2-full\debug\pmove.obj
c:\users\leroy jenkins\source\repos\quake2-full\debug\net_wins.obj
c:\users\leroy jenkins\source\repos\quake2-full\debug\net_chan.obj
c:\users\leroy jenkins\source\repos\quake2-full\debug\menu.obj
c:\users\leroy jenkins\source\repos\quake2-full\debug\md4.obj
c:\users\leroy jenkins\source\repos\quake2-full\debug\m_flash.obj
c:\users\leroy jenkins\source\repos\quake2-full\debug\keys.obj
c:\users\leroy jenkins\source\repos\quake2-full\debug\in_win.obj
c:\users\leroy jenkins\source\repos\quake2-full\debug\files.obj
c:\users\leroy jenkins\source\repos\quake2-full\debug\sv_main.sbr
c:\users\leroy jenkins\source\repos\quake2-full\debug\sv_send.sbr
c:\users\leroy jenkins\source\repos\quake2-full\debug\sv_user.sbr
c:\users\leroy jenkins\source\repos\quake2-full\debug\sv_world.sbr
c:\users\leroy jenkins\source\repos\quake2-full\debug\sys_win.sbr
c:\users\leroy jenkins\source\repos\quake2-full\debug\vid_dll.sbr
c:\users\leroy jenkins\source\repos\quake2-full\debug\vid_menu.sbr
c:\users\leroy jenkins\source\repos\quake2-full\debug\x86.sbr
c:\users\leroy jenkins\source\repos\quake2-full\debug\x86.obj
c:\users\leroy jenkins\source\repos\quake2-full\debug\vid_menu.obj
c:\users\leroy jenkins\source\repos\quake2-full\debug\vid_dll.obj
c:\users\leroy jenkins\source\repos\quake2-full\debug\sys_win.obj
c:\users\leroy jenkins\source\repos\quake2-full\debug\sv_world.obj
c:\users\leroy jenkins\source\repos\quake2-full\debug\sv_user.obj
c:\users\leroy jenkins\source\repos\quake2-full\debug\sv_send.obj
c:\users\leroy jenkins\source\repos\quake2-full\debug\sv_main.obj
c:\users\leroy jenkins\source\repos\quake2-full\debug\quake2.exe
c:\users\leroy jenkins\source\repos\quake2-full\debug\quake2.pdb
c:\users\leroy jenkins\source\repos\quake2-full\debug\q2.res
c:\users\leroy jenkins\source\repos\quake2-full\debug\gamex86.exp
c:\users\leroy jenkins\source\repos\quake2-full\debug\ref_gl.exp
c:\users\leroy jenkins\source\repos\quake2-full\debug\game.pdb
c:\users\leroy jenkins\source\repos\quake2-full\debug\ref_gl.pdb
c:\users\leroy jenkins\source\repos\quake2-full\debug\game.bsc
c:\users\leroy jenkins\source\repos\quake2-full\debug\ref_gl.bsc
c:\users\leroy jenkins\source\repos\quake2-full\debug\cd_win.nativecodeanalysis.xml
c:\users\leroy jenkins\source\repos\quake2-full\debug\cl_cin.nativecodeanalysis.xml
c:\users\leroy jenkins\source\repos\quake2-full\debug\cl_ents.nativecodeanalysis.xml
c:\users\leroy jenkins\source\repos\quake2-full\debug\cl_fx.nativecodeanalysis.xml
c:\users\leroy jenkins\source\repos\quake2-full\debug\cl_input.nativecodeanalysis.xml
c:\users\leroy jenkins\source\repos\quake2-full\debug\cl_inv.nativecodeanalysis.xml
c:\users\leroy jenkins\source\repos\quake2-full\debug\cl_main.nativecodeanalysis.xml
c:\users\leroy jenkins\source\repos\quake2-full\debug\cl_newfx.nativecodeanalysis.xml
c:\users\leroy jenkins\source\repos\quake2-full\debug\cl_parse.nativecodeanalysis.xml
c:\users\leroy jenkins\source\repos\quake2-full\debug\cl_pred.nativecodeanalysis.xml
c:\users\leroy jenkins\source\repos\quake2-full\debug\cl_scrn.nativecodeanalysis.xml
c:\users\leroy jenkins\source\repos\quake2-full\debug\cl_tent.nativecodeanalysis.xml
c:\users\leroy jenkins\source\repos\quake2-full\debug\cl_view.nativecodeanalysis.xml
c:\users\leroy jenkins\source\repos\quake2-full\debug\cmd.nativecodeanalysis.xml
c:\users\leroy jenkins\source\repos\quake2-full\debug\cmodel.nativecodeanalysis.xml
c:\users\leroy jenkins\source\repos\quake2-full\debug\common.nativecodeanalysis.xml
c:\users\leroy jenkins\source\repos\quake2-full\debug\conproc.nativecodeanalysis.xml
c:\users\leroy jenkins\source\repos\quake2-full\debug\console.nativecodeanalysis.xml
c:\users\leroy jenkins\source\repos\quake2-full\debug\crc.nativecodeanalysis.xml
c:\users\leroy jenkins\source\repos\quake2-full\debug\cvar.nativecodeanalysis.xml
c:\users\leroy jenkins\source\repos\quake2-full\debug\files.nativecodeanalysis.xml
c:\users\leroy jenkins\source\repos\quake2-full\debug\in_win.nativecodeanalysis.xml
c:\users\leroy jenkins\source\repos\quake2-full\debug\keys.nativecodeanalysis.xml
c:\users\leroy jenkins\source\repos\quake2-full\debug\md4.nativecodeanalysis.xml
c:\users\leroy jenkins\source\repos\quake2-full\debug\menu.nativecodeanalysis.xml
c:\users\leroy jenkins\source\repos\quake2-full\debug\m_flash.nativecodeanalysis.xml
c:\users\leroy jenkins\source\repos\quake2-full\debug\net_chan.nativecodeanalysis.xml
c:\users\leroy jenkins\source\repos\quake2-full\debug\net_wins.nativecodeanalysis.xml
c:\users\leroy jenkins\source\repos\quake2-full\debug\pmove.nativecodeanalysis.xml
c:\users\leroy jenkins\source\repos\quake2-full\debug\qmenu.nativecodeanalysis.xml
c:\users\leroy jenkins\source\repos\quake2-full\debug\q_shared.nativecodeanalysis.xml
c:\users\leroy jenkins\source\repos\quake2-full\debug\q_shwin.nativecodeanalysis.xml
c:\users\leroy jenkins\source\repos\quake2-full\debug\snd_dma.nativecodeanalysis.xml
c:\users\leroy jenkins\source\repos\quake2-full\debug\snd_mem.nativecodeanalysis.xml
c:\users\leroy jenkins\source\repos\quake2-full\debug\snd_mix.nativecodeanalysis.xml
c:\users\leroy jenkins\source\repos\quake2-full\debug\snd_win.nativecodeanalysis.xml
c:\users\leroy jenkins\source\repos\quake2-full\debug\sv_ccmds.nativecodeanalysis.xml
c:\users\leroy jenkins\source\repos\quake2-full\debug\sv_ents.nativecodeanalysis.xml
c:\users\leroy jenkins\source\repos\quake2-full\debug\sv_game.nativecodeanalysis.xml
c:\users\leroy jenkins\source\repos\quake2-full\debug\sv_init.nativecodeanalysis.xml
c:\users\leroy jenkins\source\repos\quake2-full\debug\sv_main.nativecodeanalysis.xml
c:\users\leroy jenkins\source\repos\quake2-full\debug\sv_send.nativecodeanalysis.xml
c:\users\leroy jenkins\source\repos\quake2-full\debug\sv_user.nativecodeanalysis.xml
c:\users\leroy jenkins\source\repos\quake2-full\debug\sv_world.nativecodeanalysis.xml
c:\users\leroy jenkins\source\repos\quake2-full\debug\sys_win.nativecodeanalysis.xml
c:\users\leroy jenkins\source\repos\quake2-full\debug\vid_dll.nativecodeanalysis.xml
c:\users\leroy jenkins\source\repos\quake2-full\debug\vid_menu.nativecodeanalysis.xml
c:\users\leroy jenkins\source\repos\quake2-full\debug\x86.nativecodeanalysis.xml
c:\users\leroy jenkins\source\repos\quake2-full\debug\quake2.tlog\bscmake.command.1.tlog
c:\users\leroy jenkins\source\repos\quake2-full\debug\quake2.tlog\bscmake.read.1.tlog
c:\users\leroy jenkins\source\repos\quake2-full\debug\quake2.tlog\bscmake.write.1.tlog
c:\users\leroy jenkins\source\repos\quake2-full\debug\quake2.tlog\cl.command.1.tlog
c:\users\leroy jenkins\source\repos\quake2-full\debug\quake2.tlog\cl.read.1.tlog
c:\users\leroy jenkins\source\repos\quake2-full\debug\quake2.tlog\cl.write.1.tlog
c:\users\leroy jenkins\source\repos\quake2-full\debug\quake2.tlog\link.command.1.tlog
c:\users\leroy jenkins\source\repos\quake2-full\debug\quake2.tlog\link.read.1.tlog
c:\users\leroy jenkins\source\repos\quake2-full\debug\quake2.tlog\link.write.1.tlog
c:\users\leroy jenkins\source\repos\quake2-full\debug\quake2.tlog\rc.command.1.tlog
c:\users\leroy jenkins\source\repos\quake2-full\debug\quake2.tlog\rc.read.1.tlog
c:\users\leroy jenkins\source\repos\quake2-full\debug\quake2.tlog\rc.write.1.tlog
